=== java ===
openjdk 17.0.16 2025-07-15 LTS
OpenJDK Runtime Environment Microsoft-11926113 (build 17.0.16+8-LTS)
OpenJDK 64-Bit Server VM Microsoft-11926113 (build 17.0.16+8-LTS, mixed mode, sharing)
=== mvn ===
[1mApache Maven 3.8.7[m
Maven home: /usr/share/maven
Java version: 17.0.16, vendor: Microsoft, runtime: /usr/lib/jvm/msopenjdk-current
Default locale: en_US, platform encoding: UTF-8
OS name: "linux", version: "6.6.114.1-microsoft-standard-wsl2", arch: "amd64", family: "unix"
[0m=== mvn clean compile ===
[INFO] Downloading from central: https://repo.maven.apache.org/maven2/org/codehaus/plexus/plexus-utils/4.0.0/plexus-utils-4.0.0.jar
[INFO] Downloaded from central: https://repo.maven.apache.org/maven2/javax/inject/javax.inject/1/javax.inject-1.jar (2.5 kB at 4.2 kB/s)
[INFO] Downloaded from central: https://repo.maven.apache.org/maven2/org/codehaus/plexus/plexus-utils/4.0.0/plexus-utils-4.0.0.jar (192 kB at 266 kB/s)
[INFO] Downloaded from central: https://repo.maven.apache.org/maven2/org/codehaus/plexus/plexus-compiler-javac/2.15.0/plexus-compiler-javac-2.15.0.jar (26 kB at 36 kB/s)
[INFO] Downloaded from central: https://repo.maven.apache.org/maven2/org/codehaus/plexus/plexus-xml/3.0.0/plexus-xml-3.0.0.jar (93 kB at 123 kB/s)
[INFO] Downloaded from central: https://repo.maven.apache.org/maven2/com/thoughtworks/qdox/qdox/2.0.3/qdox-2.0.3.jar (334 kB at 426 kB/s)
[INFO] Recompiling the module because of changed dependency.
[INFO] Compiling 16 source files with javac [debug release 17] to target/classes
[INFO] ------------------------------------------------------------------------
[INFO] BUILD SUCCESS
[INFO] ------------------------------------------------------------------------
[INFO] Total time:  24.420 s
[INFO] Finished at: 2026-05-28T19:41:34Z
[INFO] ------------------------------------------------------------------------
[0m[0m=== mvn test ===
[INFO] -------------------------------------------------------
[INFO] Running iscteiul.ista.AppTest
[INFO] Tests run: 1, Failures: 0, Errors: 0, Skipped: 0, Time elapsed: 0.222 s -- in iscteiul.ista.AppTest
[INFO] 
[INFO] Results:
[INFO] 
[INFO] Tests run: 1, Failures: 0, Errors: 0, Skipped: 0
[INFO] 
[INFO] ------------------------------------------------------------------------
[INFO] BUILD SUCCESS
[INFO] ------------------------------------------------------------------------
[INFO] Total time:  14.608 s
[INFO] Finished at: 2026-05-28T19:41:51Z
[INFO] ------------------------------------------------------------------------
[0m[0m
docker : [0m
At line:1 char:100
+ ... me"; $log = docker run --rm -v "${PWD}:/workspaces/app" -w /workspace ...
+                 ~~~~~~~~~~~~~~~~~~~~~~~~~~~~~~~~~~~~~~~~~~~~~~~~~~~~~~~~~
    + CategoryInfo          : NotSpecified: ([0m:String) [], RemoteException
    + FullyQualifiedErrorId : NativeCommandError
 
